[0m[[0m[0mdebug[0m] [0m[0m> Exec(run, Some(01f2faa0-ea6e-402b-aae9-c87b9bea8f73), Some(CommandSource(console0)))[0m
[0m[[0m[0mdebug[0m] [0m[0mEvaluating tasks: Compile / run[0m
[0m[[0m[0mdebug[0m] [0m[0mRunning task... Cancel: Signal, check cycles: false, forcegc: true[0m
[0m[[0m[0minfo[0m] [0m[0mcompiling 1 Scala source to C:\Projects\Saarthi-Camps\cassandra-server\ministry\target\scala-2.12\classes ...[0m
[0m[[0m[31merror[0m] [0m[0m## Exception when compiling 2 sources to C:\Projects\Saarthi-Camps\cassandra-server\ministry\target\scala-2.12\classes[0m
[0m[[0m[31merror[0m] [0m[0mjava.lang.OutOfMemoryError: Direct buffer memory[0m
[0m[[0m[31merror[0m] [0m[0mjava.base/java.nio.Bits.reserveMemory(Bits.java:175)[0m
[0m[[0m[31merror[0m] [0m[0mjava.base/java.nio.DirectByteBuffer.<init>(DirectByteBuffer.java:118)[0m
[0m[[0m[31merror[0m] [0m[0mjava.base/java.nio.ByteBuffer.allocateDirect(ByteBuffer.java:318)[0m
[0m[[0m[31merror[0m] [0m[0mjava.base/sun.nio.ch.Util.getTemporaryDirectBuffer(Util.java:242)[0m
[0m[[0m[31merror[0m] [0m[0mjava.base/sun.nio.ch.IOUtil.read(IOUtil.java:242)[0m
[0m[[0m[31merror[0m] [0m[0mjava.base/sun.nio.ch.FileChannelImpl.read(FileChannelImpl.java:223)[0m
[0m[[0m[31merror[0m] [0m[0mjava.base/sun.nio.ch.ChannelInputStream.read(ChannelInputStream.java:65)[0m
[0m[[0m[31merror[0m] [0m[0mjava.base/sun.nio.ch.ChannelInputStream.read(ChannelInputStream.java:107)[0m
[0m[[0m[31merror[0m] [0m[0mjava.base/sun.nio.ch.ChannelInputStream.read(ChannelInputStream.java:101)[0m
[0m[[0m[31merror[0m] [0m[0mjava.base/java.nio.file.Files.read(Files.java:3159)[0m
[0m[[0m[31merror[0m] [0m[0mjava.base/java.nio.file.Files.readAllBytes(Files.java:3213)[0m
[0m[[0m[31merror[0m] [0m[0msbt.internal.inc.HashUtil$.farmHash(HashUtil.scala:32)[0m
[0m[[0m[31merror[0m] [0m[0msbt.internal.inc.FarmHash$.ofPath(Stamp.scala:89)[0m
[0m[[0m[31merror[0m] [0m[0msbt.internal.inc.Stamper$.$anonfun$forHashInRootPaths$3(Stamp.scala:233)[0m
[0m[[0m[31merror[0m] [0m[0msbt.internal.inc.Stamper$.tryStamp(Stamp.scala:188)[0m
[0m[[0m[31merror[0m] [0m[0msbt.internal.inc.Stamper$.$anonfun$forHashInRootPaths$1(Stamp.scala:233)[0m
[0m[[0m[31merror[0m] [0m[0msbt.internal.inc.UncachedStamps.library(Stamp.scala:468)[0m
[0m[[0m[31merror[0m] [0m[0msbt.internal.inc.TimeWrapBinaryStamps.$anonfun$library0$1(Stamp.scala:446)[0m
[0m[[0m[31merror[0m] [0m[0msbt.internal.inc.Stamper$.$anonfun$timeWrap$1(Stamp.scala:252)[0m
[0m[[0m[31merror[0m] [0m[0msbt.internal.inc.TimeWrapBinaryStamps.library(Stamp.scala:447)[0m
[0m[[0m[31merror[0m] [0m[0msbt.Defaults$$anon$1.library(Defaults.scala:453)[0m
[0m[[0m[31merror[0m] [0m[0msbt.internal.inc.InitialStamps.$anonfun$library$1(Stamp.scala:422)[0m
[0m[[0m[31merror[0m] [0m[0mscala.collection.mutable.HashMap.getOrElseUpdate(HashMap.scala:86)[0m
[0m[[0m[31merror[0m] [0m[0msbt.internal.inc.InitialStamps.library(Stamp.scala:422)[0m
[0m[[0m[31merror[0m] [0m[0msbt.internal.inc.AnalysisCallback.$anonfun$addProductsAndDeps$19(Incremental.scala:1050)[0m
[0m[[0m[31merror[0m] [0m[0mscala.collection.TraversableLike.$anonfun$map$1(TraversableLike.scala:286)[0m
[0m[[0m[31merror[0m] [0m[0mscala.collection.Iterator.foreach(Iterator.scala:943)[0m
[0m[[0m[31merror[0m] [0m[0mscala.collection.Iterator.foreach$(Iterator.scala:943)[0m
[0m[[0m[31merror[0m] [0m[0mscala.collection.AbstractIterator.foreach(Iterator.scala:1431)[0m
[0m[[0m[31merror[0m] [0m[0mscala.collection.IterableLike.foreach(IterableLike.scala:74)[0m
[0m[[0m[31merror[0m] [0m[0mscala.collection.IterableLike.foreach$(IterableLike.scala:73)[0m
[0m[[0m[31merror[0m] [0m[0mscala.collection.AbstractIterable.foreach(Iterable.scala:56)[0m
[0m[[0m[31merror[0m] [0m[0mscala.collection.TraversableLike.map(TraversableLike.scala:286)[0m
[0m[[0m[31merror[0m] [0m[0mscala.collection.TraversableLike.map$(TraversableLike.scala:279)[0m
[0m[[0m[31merror[0m] [0m[0mscala.collection.mutable.AbstractSet.scala$collection$SetLike$$super$map(Set.scala:50)[0m
[0m[[0m[31merror[0m] [0m[0mscala.collection.SetLike.map(SetLike.scala:105)[0m
[0m[[0m[31merror[0m] [0m[0mscala.collection.SetLike.map$(SetLike.scala:105)[0m
[0m[[0m[31merror[0m] [0m[0mscala.collection.mutable.AbstractSet.map(Set.scala:50)[0m
[0m[[0m[31merror[0m] [0m[0msbt.internal.inc.AnalysisCallback.$anonfun$addProductsAndDeps$1(Incremental.scala:1050)[0m
[0m[[0m[31merror[0m] [0m[0mscala.collection.TraversableOnce$folder$1.apply(TraversableOnce.scala:196)[0m
[0m[[0m[31merror[0m] [0m[0mscala.collection.TraversableOnce$folder$1.apply(TraversableOnce.scala:194)[0m
[0m[[0m[31merror[0m] [0m[0mscala.collection.Iterator.foreach(Iterator.scala:943)[0m
[0m[[0m[31merror[0m] [0m[0mscala.collection.Iterator.foreach$(Iterator.scala:943)[0m
[0m[[0m[31merror[0m] [0m[0mscala.collection.AbstractIterator.foreach(Iterator.scala:1431)[0m
[0m[[0m[31merror[0m] [0m[0mscala.collection.IterableLike.foreach(IterableLike.scala:74)[0m
[0m[[0m[31merror[0m] [0m[0mscala.collection.IterableLike.foreach$(IterableLike.scala:73)[0m
[0m[[0m[31merror[0m] [0m[0mscala.collection.AbstractIterable.foreach(Iterable.scala:56)[0m
[0m[[0m[31merror[0m] [0m[0mscala.collection.TraversableOnce.foldLeft(TraversableOnce.scala:199)[0m
[0m[[0m[31merror[0m] [0m[0mscala.collection.TraversableOnce.foldLeft$(TraversableOnce.scala:192)[0m
[0m[[0m[31merror[0m] [0m[0mscala.collection.AbstractTraversable.foldLeft(Traversable.scala:108)[0m
[0m[[0m[31merror[0m] [0m[0msbt.internal.inc.AnalysisCallback.addProductsAndDeps(Incremental.scala:1010)[0m
[0m[[0m[31merror[0m] [0m[0msbt.internal.inc.AnalysisCallback.getAnalysis(Incremental.scala:944)[0m
[0m[[0m[31merror[0m] [0m[0msbt.internal.inc.AnalysisCallback.dependencyPhaseCompleted(Incremental.scala:1089)[0m
[0m[[0m[31merror[0m] [0m[0mxsbt.Dependency$DependencyPhase.run(Dependency.scala:50)[0m
[0m[[0m[31merror[0m] [0m[0mscala.tools.nsc.Global$Run.compileUnitsInternal(Global.scala:1511)[0m
[0m[[0m[31merror[0m] [0m[0mscala.tools.nsc.Global$Run.compileUnits(Global.scala:1495)[0m
[0m[[0m[31merror[0m] [0m[0mscala.tools.nsc.Global$Run.compileSources(Global.scala:1488)[0m
[0m[[0m[31merror[0m] [0m[0mscala.tools.nsc.Global$Run.compileFiles(Global.scala:1596)[0m
[0m[[0m[31merror[0m] [0m[0mxsbt.CachedCompiler0.run(CompilerBridge.scala:165)[0m
[0m[[0m[31merror[0m] [0m[0mxsbt.CachedCompiler0.run(CompilerBridge.scala:134)[0m
[0m[[0m[31merror[0m] [0m[0mxsbt.CompilerBridge.run(CompilerBridge.scala:39)[0m
[0m[[0m[31merror[0m] [0m[0msbt.internal.inc.AnalyzingCompiler.compile(AnalyzingCompiler.scala:91)[0m
[0m[[0m[31merror[0m] [0m[0msbt.internal.inc.MixedAnalyzingCompiler.$anonfun$compile$7(MixedAnalyzingCompiler.scala:193)[0m
[0m[[0m[31merror[0m] [0m[0mscala.runtime.java8.JFunction0$mcV$sp.apply(JFunction0$mcV$sp.java:23)[0m
[0m[[0m[31merror[0m] [0m[0msbt.internal.inc.MixedAnalyzingCompiler.timed(MixedAnalyzingCompiler.scala:248)[0m
[0m[[0m[31merror[0m] [0m[0msbt.internal.inc.MixedAnalyzingCompiler.$anonfun$compile$4(MixedAnalyzingCompiler.scala:183)[0m
[0m[[0m[31merror[0m] [0m[0msbt.internal.inc.MixedAnalyzingCompiler.$anonfun$compile$4$adapted(MixedAnalyzingCompiler.scala:163)[0m
[0m[[0m[31merror[0m] [0m[0msbt.internal.inc.JarUtils$.withPreviousJar(JarUtils.scala:239)[0m
[0m[[0m[31merror[0m] [0m[0msbt.internal.inc.MixedAnalyzingCompiler.compileScala$1(MixedAnalyzingCompiler.scala:163)[0m
[0m[[0m[31merror[0m] [0m[0msbt.internal.inc.MixedAnalyzingCompiler.compile(MixedAnalyzingCompiler.scala:211)[0m
[0m[[0m[31merror[0m] [0m[0msbt.internal.inc.IncrementalCompilerImpl.$anonfun$compileInternal$1(IncrementalCompilerImpl.scala:534)[0m
[0m[[0m[31merror[0m] [0m[0msbt.internal.inc.IncrementalCompilerImpl.$anonfun$compileInternal$1$adapted(IncrementalCompilerImpl.scala:534)[0m
[0m[[0m[31merror[0m] [0m[0msbt.internal.inc.Incremental$.$anonfun$apply$5(Incremental.scala:180)[0m
[0m[[0m[31merror[0m] [0m[0msbt.internal.inc.Incremental$.$anonfun$apply$5$adapted(Incremental.scala:178)[0m
[0m[[0m[31merror[0m] [0m[0msbt.internal.inc.Incremental$$anon$2.run(Incremental.scala:464)[0m
[0m[[0m[31merror[0m] [0m[0msbt.internal.inc.IncrementalCommon$CycleState.next(IncrementalCommon.scala:116)[0m
[0m[[0m[31merror[0m] [0m[0msbt.internal.inc.IncrementalCommon$$anon$1.next(IncrementalCommon.scala:56)[0m
[0m[[0m[31merror[0m] [0m[0msbt.internal.inc.IncrementalCommon$$anon$1.next(IncrementalCommon.scala:52)[0m
[0m[[0m[31merror[0m] [0m[0msbt.internal.inc.IncrementalCommon.cycle(IncrementalCommon.scala:263)[0m
[0m[[0m[31merror[0m] [0m[0msbt.internal.inc.Incremental$.$anonfun$incrementalCompile$8(Incremental.scala:419)[0m
[0m[[0m[31merror[0m] [0m[0msbt.internal.inc.Incremental$.withClassfileManager(Incremental.scala:506)[0m
[0m[[0m[31merror[0m] [0m[0msbt.internal.inc.Incremental$.incrementalCompile(Incremental.scala:406)[0m
[0m[[0m[31merror[0m] [0m[0msbt.internal.inc.Incremental$.apply(Incremental.scala:172)[0m
[0m[[0m[31merror[0m] [0m[0msbt.internal.inc.IncrementalCompilerImpl.compileInternal(IncrementalCompilerImpl.scala:534)[0m
[0m[[0m[31merror[0m] [0m[0msbt.internal.inc.IncrementalCompilerImpl.$anonfun$compileIncrementally$1(IncrementalCompilerImpl.scala:488)[0m
[0m[[0m[31merror[0m] [0m[0msbt.internal.inc.IncrementalCompilerImpl.handleCompilationError(IncrementalCompilerImpl.scala:332)[0m
[0m[[0m[31merror[0m] [0m[0msbt.internal.inc.IncrementalCompilerImpl.compileIncrementally(IncrementalCompilerImpl.scala:425)[0m
[0m[[0m[31merror[0m] [0m[0msbt.internal.inc.IncrementalCompilerImpl.compile(IncrementalCompilerImpl.scala:137)[0m
[0m[[0m[31merror[0m] [0m[0msbt.Defaults$.compileIncrementalTaskImpl(Defaults.scala:2371)[0m
[0m[[0m[31merror[0m] [0m[0msbt.Defaults$.$anonfun$compileIncrementalTask$2(Defaults.scala:2321)[0m
[0m[[0m[31merror[0m] [0m[0msbt.internal.server.BspCompileTask$.$anonfun$compute$1(BspCompileTask.scala:31)[0m
[0m[[0m[31merror[0m] [0m[0msbt.internal.io.Retry$.apply(Retry.scala:47)[0m
[0m[[0m[31merror[0m] [0m[0msbt.internal.io.Retry$.apply(Retry.scala:29)[0m
[0m[[0m[31merror[0m] [0m[0msbt.internal.io.Retry$.apply(Retry.scala:24)[0m
[0m[[0m[31merror[0m] [0m[0msbt.internal.server.BspCompileTask$.compute(BspCompileTask.scala:31)[0m
[0m[[0m[31merror[0m] [0m[0msbt.Defaults$.$anonfun$compileIncrementalTask$1(Defaults.scala:2319)[0m
[0m[[0m[31merror[0m] [0m[0mscala.Function1.$anonfun$compose$1(Function1.scala:49)[0m
[0m[[0m[31merror[0m] [0m[0msbt.internal.util.$tilde$greater.$anonfun$$u2219$1(TypeFunctions.scala:63)[0m
[0m[[0m[31merror[0m] [0m[0msbt.std.Transform$$anon$4.work(Transform.scala:69)[0m
[0m[[0m[31merror[0m] [0m[0msbt.Execute.$anonfun$submit$2(Execute.scala:283)[0m
[0m[[0m[31merror[0m] [0m[0msbt.internal.util.ErrorHandling$.wideConvert(ErrorHandling.scala:24)[0m
[0m[[0m[31merror[0m] [0m[0msbt.Execute.work(Execute.scala:292)[0m
[0m[[0m[31merror[0m] [0m[0msbt.Execute.$anonfun$submit$1(Execute.scala:283)[0m
[0m[[0m[31merror[0m] [0m[0msbt.ConcurrentRestrictions$$anon$4.$anonfun$submitValid$1(ConcurrentRestrictions.scala:265)[0m
[0m[[0m[31merror[0m] [0m[0msbt.CompletionService$$anon$2.call(CompletionService.scala:65)[0m
[0m[[0m[31merror[0m] [0m[0mjava.base/java.util.concurrent.FutureTask.run(FutureTask.java:264)[0m
[0m[[0m[31merror[0m] [0m[0mjava.base/java.util.concurrent.Executors$RunnableAdapter.call(Executors.java:515)[0m
[0m[[0m[31merror[0m] [0m[0mjava.base/java.util.concurrent.FutureTask.run(FutureTask.java:264)[0m
[0m[[0m[31merror[0m] [0m[0mjava.base/java.util.concurrent.ThreadPoolExecutor.runWorker(ThreadPoolExecutor.java:1128)[0m
[0m[[0m[31merror[0m] [0m[0mjava.base/java.util.concurrent.ThreadPoolExecutor$Worker.run(ThreadPoolExecutor.java:628)[0m
[0m[[0m[31merror[0m] [0m[0mjava.base/java.lang.Thread.run(Thread.java:834)[0m
[0m[[0m[31merror[0m] [0m[0m           [0m
[0m[[0m[0mdebug[0m] [0m[0mForcing garbage collection...[0m
