2023.10.24 13:14:03 INFO  Started: Metals version 1.1.0 in folders 'C:\Projects\Saarthi-Camps' for client Visual Studio Code 1.83.1.
2023.10.24 13:14:05 WARN  Build server is not auto-connectable.
2023.10.24 13:14:05 WARN  no build target for: C:\Projects\Saarthi-Camps\cassandra-server\ministry\build.sbt
2023.10.24 13:14:05 WARN  no build tool detected in workspace 'C:\Projects\Saarthi-Camps'. The most common cause for this problem is that the editor was opened in the wrong working directory, for example if you use sbt then the workspace directory should contain build.sbt. 
2023.10.24 13:14:11 INFO  no build target found for C:\Projects\Saarthi-Camps\cassandra-server\ministry\build.sbt. Using presentation compiler with project's scala-library version: 3.3.1
2023.10.24 13:14:14 INFO  time: code lens generation in 8.74s
2023.10.24 13:14:15 WARN  no build target for: C:\Projects\Saarthi-Camps\cassandra-server\ministry\build.sbt
2023.10.24 13:15:31 WARN  no build target for: C:\Projects\Saarthi-Camps\cassandra-server\ministry\src\main\scala\Main.scala
2023.10.24 13:16:12 WARN  no build target for: C:\Projects\Saarthi-Camps\cassandra-server\ministry\src\main\scala\Main.scala
2023.10.24 13:16:15 WARN  no build target for: C:\Projects\Saarthi-Camps\cassandra-server\ministry\src\main\scala\Main.scala
2023.10.24 13:16:20 WARN  no build target for: C:\Projects\Saarthi-Camps\cassandra-server\ministry\src\main\scala\Main.scala
2023.10.24 13:17:52 WARN  Could not find semantic tokens for: file:///C:/Projects/Saarthi-Camps/cassandra-server/ministry/src/main/scala/Main.scala
2023.10.24 13:17:52 WARN  Could not find semantic tokens for: file:///C:/Projects/Saarthi-Camps/cassandra-server/ministry/src/main/scala/Main.scala
2023.10.24 13:17:53 WARN  no build target for: C:\Projects\Saarthi-Camps\cassandra-server\ministry\src\main\scala\Main.scala
2023.10.24 13:17:52 WARN  Could not find semantic tokens for: file:///C:/Projects/Saarthi-Camps/cassandra-server/ministry/src/main/scala/Main.scala
2023.10.24 13:17:57 WARN  no build target for: C:\Projects\Saarthi-Camps\cassandra-server\ministry\src\main\scala\Main.scala
2023.10.24 13:17:58 WARN  no build target for: C:\Projects\Saarthi-Camps\cassandra-server\ministry\src\main\scala\Main.scala
2023.10.24 13:18:01 WARN  no build target for: C:\Projects\Saarthi-Camps\cassandra-server\ministry\src\main\scala\Main.scala
2023.10.24 13:18:03 WARN  no build target for: C:\Projects\Saarthi-Camps\cassandra-server\ministry\src\main\scala\Main.scala
2023.10.24 13:18:04 WARN  no build target for: C:\Projects\Saarthi-Camps\cassandra-server\ministry\src\main\scala\Main.scala
2023.10.24 13:18:06 WARN  no build target for: C:\Projects\Saarthi-Camps\cassandra-server\ministry\src\main\scala\Main.scala
2023.10.24 13:18:07 WARN  no build target for: C:\Projects\Saarthi-Camps\cassandra-server\ministry\src\main\scala\Main.scala
2023.10.24 13:18:08 WARN  no build target for: C:\Projects\Saarthi-Camps\cassandra-server\ministry\src\main\scala\Main.scala
2023.10.24 13:20:09 WARN  no build target for: C:\Projects\Saarthi-Camps\cassandra-server\ministry\src\main\scala\Main.scala
2023.10.24 13:29:25 WARN  no build target for: C:\Projects\Saarthi-Camps\cassandra-server\ministry\src\main\scala\Main.scala
2023.10.24 13:29:29 WARN  no build target for: C:\Projects\Saarthi-Camps\cassandra-server\ministry\src\main\scala\Main.scala
2023.10.24 13:30:04 WARN  no build target for: C:\Projects\Saarthi-Camps\cassandra-server\ministry\src\main\scala\Main.scala
Oct 24, 2023 1:30:06 PM org.eclipse.lsp4j.jsonrpc.RemoteEndpoint handleCancellation
WARNING: Unmatched cancel notification for request id 191
2023.10.24 13:30:07 WARN  no build target for: C:\Projects\Saarthi-Camps\cassandra-server\ministry\src\main\scala\Main.scala
2023.10.24 13:30:09 WARN  no build target for: C:\Projects\Saarthi-Camps\cassandra-server\ministry\src\main\scala\Main.scala
2023.10.24 13:30:11 WARN  no build target for: C:\Projects\Saarthi-Camps\cassandra-server\ministry\src\main\scala\Main.scala
2023.10.24 13:30:13 WARN  no build target for: C:\Projects\Saarthi-Camps\cassandra-server\ministry\src\main\scala\Main.scala
2023.10.24 13:30:34 WARN  no build target for: C:\Projects\Saarthi-Camps\cassandra-server\ministry\src\main\scala\Main.scala
2023.10.24 13:30:49 WARN  no build target for: C:\Projects\Saarthi-Camps\cassandra-server\ministry\src\main\scala\Main.scala
2023.10.24 13:33:05 WARN  no build target for: C:\Projects\Saarthi-Camps\cassandra-server\ministry\src\main\scala\Main.scala
2023.10.24 13:33:06 WARN  no build target for: C:\Projects\Saarthi-Camps\cassandra-server\ministry\src\main\scala\Main.scala
2023.10.24 13:33:08 WARN  no build target for: C:\Projects\Saarthi-Camps\cassandra-server\ministry\src\main\scala\Main.scala
2023.10.24 13:33:16 WARN  no build target for: C:\Projects\Saarthi-Camps\cassandra-server\ministry\src\main\scala\Main.scala
2023.10.24 13:33:19 WARN  no build target for: C:\Projects\Saarthi-Camps\cassandra-server\ministry\src\main\scala\Main.scala
2023.10.24 13:33:20 WARN  no build target for: C:\Projects\Saarthi-Camps\cassandra-server\ministry\src\main\scala\Main.scala
2023.10.24 13:33:23 WARN  no build target for: C:\Projects\Saarthi-Camps\cassandra-server\ministry\src\main\scala\Main.scala
2023.10.24 13:33:24 WARN  no build target for: C:\Projects\Saarthi-Camps\cassandra-server\ministry\src\main\scala\Main.scala
2023.10.24 13:35:09 WARN  no build target for: C:\Projects\Saarthi-Camps\cassandra-server\ministry\src\main\scala\Main.scala
2023.10.24 13:35:56 WARN  no build target for: C:\Projects\Saarthi-Camps\cassandra-server\ministry\src\main\scala\Main.scala
2023.10.24 13:37:02 WARN  no build target for: C:\Projects\Saarthi-Camps\cassandra-server\ministry\src\main\scala\Main.scala
2023.10.24 13:37:04 WARN  no build target for: C:\Projects\Saarthi-Camps\cassandra-server\ministry\src\main\scala\Main.scala
2023.10.24 13:44:25 WARN  no build target for: C:\Projects\Saarthi-Camps\cassandra-server\Kafka-scripts\Main.scala
2023.10.24 13:45:17 WARN  no build target for: C:\Projects\Saarthi-Camps\cassandra-server\ministry\src\main\scala\Main.scala
2023.10.24 13:45:55 WARN  no build target for: C:\Projects\Saarthi-Camps\cassandra-server\ministry\build.sbt
2023.10.24 13:48:19 WARN  no build target for: C:\Projects\Saarthi-Camps\cassandra-server\ministry\src\main\scala\Main.scala
2023.10.24 13:48:26 WARN  no build target for: C:\Projects\Saarthi-Camps\cassandra-server\ministry\src\main\scala\Main.scala
2023.10.24 13:48:30 WARN  no build target for: C:\Projects\Saarthi-Camps\cassandra-server\ministry\src\main\scala\Main.scala
2023.10.24 13:48:32 WARN  no build target for: C:\Projects\Saarthi-Camps\cassandra-server\ministry\src\main\scala\Main.scala
2023.10.24 14:09:54 WARN  no build target for: C:\Projects\Saarthi-Camps\cassandra-server\ministry\src\main\scala\Main.scala
2023.10.24 14:11:01 WARN  no build target for: C:\Projects\Saarthi-Camps\cassandra-server\ministry\src\main\scala\Main.scala
Oct 24, 2023 2:11:03 PM org.eclipse.lsp4j.jsonrpc.RemoteEndpoint handleCancellation
WARNING: Unmatched cancel notification for request id 572
2023.10.24 14:11:04 WARN  no build target for: C:\Projects\Saarthi-Camps\cassandra-server\ministry\src\main\scala\Main.scala
2023.10.24 14:11:06 WARN  no build target for: C:\Projects\Saarthi-Camps\cassandra-server\ministry\src\main\scala\Main.scala
